53d5fc89d66a Merge tag 's390-5.15-4' of git://git.kernel.org/pub/scm/linux/kernel/git/s390/linux
f5b667ded075 thermal: Update information in MAINTAINERS
b2626f1e3245 Merge tag 'for-linus' of git://git.kernel.org/pub/scm/virt/kvm/kvm
24f67d82c43c Merge tag 'drm-fixes-2021-10-01' of git://anongit.freedesktop.org/drm/drm
78ea81417944 Merge tag 'exynos-drm-fixes-for-v5.15-rc4' of git://git.kernel.org/pub/scm/linux/kernel/git/daeinki/drm-exynos into drm-fixes
3ff43f9df8b0 Merge tag 'amd-drm-fixes-5.15-2021-09-29' of https://gitlab.freedesktop.org/agd5f/linux into drm-fixes
abb7700d4631 Merge tag 'drm-intel-fixes-2021-09-30' of git://anongit.freedesktop.org/drm/drm-intel into drm-fixes
7b0035eaa7da KVM: selftests: Ensure all migrations are performed when test is affined
e8a747d0884e KVM: x86: Swap order of CPUID entry "index" vs. "significant flag" checks
773e89ab0056 ptp: Fix ptp_kvm_getcrosststamp issue for x86 ptp_kvm
ad9af930680b x86/kvmclock: Move this_cpu_pvti into kvmclock.h
26db706a6d77 drm/amdgpu: force exit gfxoff on sdma resume for rmb s0ix
98122e63a7ec drm/amdgpu: check tiling flags when creating FB on GFX8-
d942856865c7 drm/amd/display: Pass PCI deviceid into DC
467a51b69d08 drm/amd/display: initialize backlight_ramping_override to false
9f52c25f59b5 drm/amdgpu: correct initial cp_hqd_quantum for gfx9
083fa05bbaf6 drm/amd/display: Fix Display Flicker on embedded panels
66805763a97f drm/amdgpu: fix gart.bo pin_count leak
e02c16b9cd24 selftests: KVM: Don't clobber XMM register when read
05812b971c6d Merge tag 'drm/tegra/for-5.15-rc3' of ssh://git.freedesktop.org/git/tegra/linux into drm-fixes
5c49d1850ddd KVM: VMX: Fix a TSX_CTRL_CPUID_CLEAR field mask issue
172da89ed0ea s390/cio: avoid excessive path-verification requests
4b8bcaf8a6d6 drm/i915: Remove warning from the rps worker
c83ff0186401 drm/i915/request: fix early tracepoints
da0468a74450 drm/i915/guc, docs: Fix pdfdocs build error by removing nested grid
5cb8742774d2 Merge tag 'gvt-fixes-2021-09-18' of https://github.com/intel/gvt-linux into drm-intel-fixes
c3dbfb9c49ee gpu: host1x: Plug potential memory leak
a81cf839a064 gpu/host1x: fence: Make spinlock static
8a44924e1400 drm/tegra: uapi: Fix wrong mapping end address in case of disabled IOMMU
71eabafac1eb drm/tegra: dc: Remove unused variables
17ac76e050c5 drm/exynos: Make use of the helper function devm_platform_ioremap_resource()
d168cd797982 drm/i915/gvt: fix the usage of ww lock in gvt scheduler.
